<?xml version="1.0" encoding="UTF-8"?>
<!-- Generated by org.testng.reporters.JUnitXMLReporter -->
<testsuite ignored="1" hostname="USMUMAWANGA11" failures="0" tests="1" name="Default test" time="8.173" errors="0" timestamp="2023-05-12T13:15:52 IST">
  <testcase classname="com.exampple.testcases.DemoClass" name="TestCaseB" time="0.306"/>
  <testcase classname="com.exampple.testcases.DemoClass" name="TestCaseA" time="0.0">
    <ignored/>
  </testcase> <!-- TestCaseA -->
</testsuite> <!-- Default test -->
