<?xml version="1.0" encoding="UTF-8"?>
<!-- Generated by org.testng.reporters.JUnitXMLReporter -->
<testsuite ignored="0" hostname="USMUMAWANGA11" failures="1" tests="2" name="Test" time="7.837" errors="0" timestamp="2023-05-08T14:11:10 IST">
  <testcase classname="com.exampple.testcases.DemoClass" name="TestCaseB" time="0.299"/>
  <testcase classname="com.exampple.testcases.DemoClass" name="TestCaseA" time="0.838">
    <failure type="java.lang.AssertionError" message="The following asserts failed:
	Not Matching expected [1] but found [0],
	Not matching expected [B] but found [A]">
      <![CDATA[java.lang.AssertionError: The following asserts failed:
Not Matching expected [1] but found [0],
Not matching expected [B] but found [A]
at com.exampple.testcases.DemoClass.TestCaseA(DemoClass.java:25)
at java.base/java.util.concurrent.ThreadPoolExecutor.runWorker(ThreadPoolExecutor.java:1128)
at java.base/java.util.concurrent.ThreadPoolExecutor$Worker.run(ThreadPoolExecutor.java:628)
at java.base/java.lang.Thread.run(Thread.java:834)
... Removed 14 stack frames]]>
    </failure>
  </testcase> <!-- TestCaseA -->
</testsuite> <!-- Test -->
