<?xml version="1.0" encoding="UTF-8"?>
<!-- Generated by org.testng.reporters.JUnitXMLReporter -->
<testsuite ignored="0" hostname="USMUMAWANGA11" failures="1" tests="2" name="Test" time="14.053" errors="0" timestamp="2024-04-07T14:51:46 IST">
  <testcase classname="com.test.testcases.LoginTest" name="verifyProductTitle" time="0.9">
    <failure type="java.lang.AssertionError" message="
expected: &amp;quot;products&amp;quot;
 but was: &amp;quot;Products&amp;quot;">
      <![CDATA[java.lang.AssertionError: 
expected: "products"
 but was: "Products"
at com.test.testcases.LoginTest.verifyProductTitle(LoginTest.java:29)
at java.base/java.util.concurrent.Executors$RunnableAdapter.call(Executors.java:515)
at java.base/java.util.concurrent.FutureTask.run(FutureTask.java:264)
at java.base/java.util.concurrent.ThreadPoolExecutor.runWorker(ThreadPoolExecutor.java:1128)
at java.base/java.util.concurrent.ThreadPoolExecutor$Worker.run(ThreadPoolExecutor.java:628)
at java.base/java.lang.Thread.run(Thread.java:834)
... Removed 13 stack frames]]>
    </failure>
  </testcase> <!-- verifyProductTitle -->
  <testcase classname="com.test.testcases.LoginTest" name="login" time="0.494"/>
</testsuite> <!-- Test -->
